2024-01-31 14:35:50,617 :: INFO :: Start experiment: iot2023oulu33-390975
2024-01-31 14:35:50,621 :: INFO :: Control node : Starting of control node serial interface
2024-01-31 14:35:50,624 :: INFO :: Control node : reset
2024-01-31 14:35:50,627 :: INFO :: Reset Control Node
2024-01-31 14:35:53,422 :: INFO :: Control node : start power of open node
2024-01-31 14:35:53,438 :: INFO :: Node OpenOCD: Setup of openocd node
2024-01-31 14:35:56,453 :: INFO :: Node OpenOCD: flash of openocd node
2024-01-31 14:35:56,458 :: INFO :: Flash firmware on OpenOCD: /usr/lib/python3.8/site-packages/gateway_code/static/m3_idle.elf
2024-01-31 14:35:58,606 :: INFO :: Control node : Start experiment
2024-01-31 14:35:58,670 :: INFO :: Control Node set time delay: 6267 us
2024-01-31 14:35:58,702 :: INFO :: Control node : profile configuration
2024-01-31 14:35:58,705 :: INFO :: Configure profile on Control Node
2024-01-31 14:35:58,771 :: INFO :: Start experiment succeeded
2024-01-31 16:36:03,034 :: INFO :: Gateway Manager : Stop experiment
2024-01-31 16:36:03,044 :: INFO :: Stop experiment
2024-01-31 16:36:03,048 :: INFO :: Control node : stop of the experiment
2024-01-31 16:36:03,053 :: INFO :: Control node : profile configuration
2024-01-31 16:36:03,056 :: INFO :: Configure profile on Control Node
2024-01-31 16:36:03,099 :: INFO :: Control node : start power of open node
2024-01-31 16:36:03,131 :: INFO :: Node OpenOCD: teardown of openocd node
2024-01-31 16:36:06,145 :: INFO :: openocd node debugger stop
2024-01-31 16:36:06,766 :: INFO :: Node OpenOCD: flash of openocd node
2024-01-31 16:36:06,769 :: INFO :: Flash firmware on OpenOCD: /usr/lib/python3.8/site-packages/gateway_code/static/m3_idle.elf
2024-01-31 16:36:08,913 :: INFO :: Control node : Stop control node serial interface
2024-01-31 16:36:08,918 :: INFO :: Control node : stop power of open node
2024-01-31 16:36:08,959 :: INFO :: Control node : reset
2024-01-31 16:36:08,963 :: INFO :: Reset Control Node
2024-01-31 16:36:11,703 :: INFO :: Stop experiment succeeded
